<?xml version="1.0" encoding="UTF-8"?>
<testng-results ignored="0" total="1" passed="1" failed="0" skipped="0">
  <reporter-output>
  </reporter-output>
  <suite started-at="2022-03-15T18:45:40 CST" name="Default suite" finished-at="2022-03-15T18:45:47 CST" duration-ms="6570">
    <groups>
    </groups>
    <test started-at="2022-03-15T18:45:40 CST" name="Default test" finished-at="2022-03-15T18:45:47 CST" duration-ms="6570">
      <class name="stepDefinitions.Steps">
        <test-method is-config="true" signature="startDriver()[pri:0, instance:stepDefinitions.Steps@505fc5a4]" started-at="2022-03-15T18:45:40 CST" name="startDriver" finished-at="2022-03-15T18:45:44 CST" duration-ms="3439" status="PASS">
          <reporter-output>
          </reporter-output>
        </test-method> <!-- startDriver -->
        <test-method signature="testMethod()[pri:0, instance:stepDefinitions.Steps@505fc5a4]" started-at="2022-03-15T18:45:44 CST" name="testMethod" finished-at="2022-03-15T18:45:47 CST" duration-ms="2939" status="PASS">
          <reporter-output>
          </reporter-output>
        </test-method> <!-- testMethod -->
        <test-method is-config="true" signature="terminateBrowser()[pri:0, instance:stepDefinitions.Steps@505fc5a4]" started-at="2022-03-15T18:45:47 CST" name="terminateBrowser" finished-at="2022-03-15T18:45:47 CST" duration-ms="140" status="PASS">
          <reporter-output>
          </reporter-output>
        </test-method> <!-- terminateBrowser -->
      </class> <!-- stepDefinitions.Steps -->
    </test> <!-- Default test -->
  </suite> <!-- Default suite -->
</testng-results>
