<?xml version="1.0" encoding="UTF-8"?>
<testng-results ignored="1" total="2" passed="1" failed="0" skipped="0">
  <reporter-output>
  </reporter-output>
  <suite started-at="2022-03-18T00:55:55 CST" name="Default suite" finished-at="2022-03-18T00:56:07 CST" duration-ms="12436">
    <groups>
    </groups>
    <test started-at="2022-03-18T00:55:55 CST" name="Default test" finished-at="2022-03-18T00:56:07 CST" duration-ms="12436">
      <class name="stepDefinitions.Steps">
        <test-method is-config="true" signature="startDriver()[pri:0, instance:stepDefinitions.Steps@5fbdfdcf]" started-at="2022-03-18T00:55:55 CST" name="startDriver" finished-at="2022-03-18T00:56:00 CST" duration-ms="4905" status="PASS">
          <reporter-output>
          </reporter-output>
        </test-method> <!-- startDriver -->
        <test-method signature="testMethod()[pri:0, instance:stepDefinitions.Steps@5fbdfdcf]" started-at="2022-03-18T00:56:00 CST" name="testMethod" finished-at="2022-03-18T00:56:07 CST" duration-ms="7378" status="PASS">
          <reporter-output>
          </reporter-output>
        </test-method> <!-- testMethod -->
        <test-method is-config="true" signature="terminateBrowser()[pri:0, instance:stepDefinitions.Steps@5fbdfdcf]" started-at="2022-03-18T00:56:07 CST" name="terminateBrowser" finished-at="2022-03-18T00:56:07 CST" duration-ms="115" status="PASS">
          <reporter-output>
          </reporter-output>
        </test-method> <!-- terminateBrowser -->
      </class> <!-- stepDefinitions.Steps -->
    </test> <!-- Default test -->
  </suite> <!-- Default suite -->
</testng-results>
